<?xml version="1.0" encoding="UTF-8"?>
<!-- Generated by org.testng.reporters.JUnitXMLReporter -->
<testsuite ignored="1" hostname="HP" failures="0" tests="8" name="Test" time="0.13" errors="0" timestamp="2021-07-21T23:53:15 IST">
  <testcase classname="hanmantauto.Testng.Group" name="test1" time="0.012"/>
  <testcase classname="hanmantauto.Testng.Group" name="test2" time="0.002"/>
  <testcase classname="hanmantauto.Testng.Group" name="test4" time="0.005"/>
  <testcase classname="hanmantauto.Testng.Group" name="test5" time="0.004"/>
  <testcase classname="hanmantauto.Testng.Group" name="test6" time="0.002"/>
  <testcase classname="hanmantauto.Testng.Group" name="test7" time="0.002"/>
  <testcase classname="hanmantauto.Testng.Group" name="test8" time="0.003"/>
  <testcase classname="hanmantauto.Testng.Group" name="test9" time="0.003"/>
  <testcase classname="hanmantauto.Testng.Group" name="test3" time="0.0">
    <ignored/>
  </testcase> <!-- test3 -->
</testsuite> <!-- Test -->
