<?xml version="1.0" encoding="UTF-8"?>
<testng-results ignored="0" total="13" passed="13" failed="0" skipped="0">
  <reporter-output>
  </reporter-output>
  <suite started-at="2021-07-22T18:15:49 IST" name="Default suite" finished-at="2021-07-22T18:15:49 IST" duration-ms="138">
    <groups>
      <group name="all">
        <method signature="Group.test1()[pri:1, instance:hanmantauto.Testng.Group@79efed2d]" name="test1" class="hanmantauto.Testng.Group"/>
        <method signature="Group.test3()[pri:0, instance:hanmantauto.Testng.Group@79efed2d]" name="test3" class="hanmantauto.Testng.Group"/>
        <method signature="Group.test6()[pri:0, instance:hanmantauto.Testng.Group@79efed2d]" name="test6" class="hanmantauto.Testng.Group"/>
        <method signature="Group.test7()[pri:0, instance:hanmantauto.Testng.Group@79efed2d]" name="test7" class="hanmantauto.Testng.Group"/>
        <method signature="Group.test8()[pri:0, instance:hanmantauto.Testng.Group@79efed2d]" name="test8" class="hanmantauto.Testng.Group"/>
        <method signature="Group.test9()[pri:0, instance:hanmantauto.Testng.Group@79efed2d]" name="test9" class="hanmantauto.Testng.Group"/>
        <method signature="Group.test2()[pri:0, instance:hanmantauto.Testng.Group@79efed2d]" name="test2" class="hanmantauto.Testng.Group"/>
        <method signature="Group.test4()[pri:0, instance:hanmantauto.Testng.Group@79efed2d]" name="test4" class="hanmantauto.Testng.Group"/>
        <method signature="Group.test5()[pri:0, instance:hanmantauto.Testng.Group@79efed2d]" name="test5" class="hanmantauto.Testng.Group"/>
      </group> <!-- all -->
      <group name="bbt">
        <method signature="Group.test3()[pri:0, instance:hanmantauto.Testng.Group@79efed2d]" name="test3" class="hanmantauto.Testng.Group"/>
        <method signature="Group.test6()[pri:0, instance:hanmantauto.Testng.Group@79efed2d]" name="test6" class="hanmantauto.Testng.Group"/>
        <method signature="Group.test7()[pri:0, instance:hanmantauto.Testng.Group@79efed2d]" name="test7" class="hanmantauto.Testng.Group"/>
        <method signature="Group.test9()[pri:0, instance:hanmantauto.Testng.Group@79efed2d]" name="test9" class="hanmantauto.Testng.Group"/>
      </group> <!-- bbt -->
      <group name="regression">
        <method signature="Group.test6()[pri:0, instance:hanmantauto.Testng.Group@79efed2d]" name="test6" class="hanmantauto.Testng.Group"/>
        <method signature="Group.test9()[pri:0, instance:hanmantauto.Testng.Group@79efed2d]" name="test9" class="hanmantauto.Testng.Group"/>
        <method signature="Group.test2()[pri:0, instance:hanmantauto.Testng.Group@79efed2d]" name="test2" class="hanmantauto.Testng.Group"/>
        <method signature="Group.test4()[pri:0, instance:hanmantauto.Testng.Group@79efed2d]" name="test4" class="hanmantauto.Testng.Group"/>
        <method signature="Group.test5()[pri:0, instance:hanmantauto.Testng.Group@79efed2d]" name="test5" class="hanmantauto.Testng.Group"/>
      </group> <!-- regression -->
      <group name="smoke">
        <method signature="Group.test1()[pri:1, instance:hanmantauto.Testng.Group@79efed2d]" name="test1" class="hanmantauto.Testng.Group"/>
        <method signature="Group.test8()[pri:0, instance:hanmantauto.Testng.Group@79efed2d]" name="test8" class="hanmantauto.Testng.Group"/>
        <method signature="Group.test5()[pri:0, instance:hanmantauto.Testng.Group@79efed2d]" name="test5" class="hanmantauto.Testng.Group"/>
      </group> <!-- smoke -->
      <group name="sanity">
        <method signature="Group.test1()[pri:1, instance:hanmantauto.Testng.Group@79efed2d]" name="test1" class="hanmantauto.Testng.Group"/>
        <method signature="Group.test7()[pri:0, instance:hanmantauto.Testng.Group@79efed2d]" name="test7" class="hanmantauto.Testng.Group"/>
        <method signature="Group.test8()[pri:0, instance:hanmantauto.Testng.Group@79efed2d]" name="test8" class="hanmantauto.Testng.Group"/>
        <method signature="Group.test9()[pri:0, instance:hanmantauto.Testng.Group@79efed2d]" name="test9" class="hanmantauto.Testng.Group"/>
        <method signature="Group.test4()[pri:0, instance:hanmantauto.Testng.Group@79efed2d]" name="test4" class="hanmantauto.Testng.Group"/>
        <method signature="Group.test5()[pri:0, instance:hanmantauto.Testng.Group@79efed2d]" name="test5" class="hanmantauto.Testng.Group"/>
      </group> <!-- sanity -->
    </groups>
    <test started-at="2021-07-22T18:15:49 IST" name="Default test" finished-at="2021-07-22T18:15:49 IST" duration-ms="138">
      <class name="hanmantauto.Testng.Group">
        <test-method signature="test2()[pri:0, instance:hanmantauto.Testng.Group@79efed2d]" started-at="2021-07-22T18:15:49 IST" name="test2" finished-at="2021-07-22T18:15:49 IST" duration-ms="19" status="PASS">
          <reporter-output>
          </reporter-output>
        </test-method> <!-- test2 -->
        <test-method signature="test4()[pri:0, instance:hanmantauto.Testng.Group@79efed2d]" started-at="2021-07-22T18:15:49 IST" name="test4" finished-at="2021-07-22T18:15:49 IST" duration-ms="2" status="PASS">
          <reporter-output>
          </reporter-output>
        </test-method> <!-- test4 -->
        <test-method signature="test5()[pri:0, instance:hanmantauto.Testng.Group@79efed2d]" started-at="2021-07-22T18:15:49 IST" name="test5" finished-at="2021-07-22T18:15:49 IST" duration-ms="1" status="PASS">
          <reporter-output>
          </reporter-output>
        </test-method> <!-- test5 -->
        <test-method signature="test6()[pri:0, instance:hanmantauto.Testng.Group@79efed2d]" started-at="2021-07-22T18:15:49 IST" name="test6" finished-at="2021-07-22T18:15:49 IST" duration-ms="2" status="PASS">
          <reporter-output>
          </reporter-output>
        </test-method> <!-- test6 -->
        <test-method signature="test7()[pri:0, instance:hanmantauto.Testng.Group@79efed2d]" started-at="2021-07-22T18:15:49 IST" name="test7" finished-at="2021-07-22T18:15:49 IST" duration-ms="2" status="PASS">
          <reporter-output>
          </reporter-output>
        </test-method> <!-- test7 -->
        <test-method signature="test8()[pri:0, instance:hanmantauto.Testng.Group@79efed2d]" started-at="2021-07-22T18:15:49 IST" name="test8" finished-at="2021-07-22T18:15:49 IST" duration-ms="3" status="PASS">
          <reporter-output>
          </reporter-output>
        </test-method> <!-- test8 -->
        <test-method signature="test9()[pri:0, instance:hanmantauto.Testng.Group@79efed2d]" started-at="2021-07-22T18:15:49 IST" name="test9" finished-at="2021-07-22T18:15:49 IST" duration-ms="3" status="PASS">
          <reporter-output>
          </reporter-output>
        </test-method> <!-- test9 -->
        <test-method signature="test1()[pri:1, instance:hanmantauto.Testng.Group@79efed2d]" started-at="2021-07-22T18:15:49 IST" name="test1" finished-at="2021-07-22T18:15:49 IST" duration-ms="2" status="PASS">
          <reporter-output>
          </reporter-output>
        </test-method> <!-- test1 -->
        <test-method signature="test1()[pri:1, instance:hanmantauto.Testng.Group@79efed2d]" started-at="2021-07-22T18:15:49 IST" name="test1" finished-at="2021-07-22T18:15:49 IST" duration-ms="2" status="PASS">
          <reporter-output>
          </reporter-output>
        </test-method> <!-- test1 -->
        <test-method signature="test1()[pri:1, instance:hanmantauto.Testng.Group@79efed2d]" started-at="2021-07-22T18:15:49 IST" name="test1" finished-at="2021-07-22T18:15:49 IST" duration-ms="1" status="PASS">
          <reporter-output>
          </reporter-output>
        </test-method> <!-- test1 -->
        <test-method signature="test1()[pri:1, instance:hanmantauto.Testng.Group@79efed2d]" started-at="2021-07-22T18:15:49 IST" name="test1" finished-at="2021-07-22T18:15:49 IST" duration-ms="3" status="PASS">
          <reporter-output>
          </reporter-output>
        </test-method> <!-- test1 -->
        <test-method signature="test1()[pri:1, instance:hanmantauto.Testng.Group@79efed2d]" started-at="2021-07-22T18:15:49 IST" name="test1" finished-at="2021-07-22T18:15:49 IST" duration-ms="4" status="PASS">
          <reporter-output>
          </reporter-output>
        </test-method> <!-- test1 -->
        <test-method signature="test3()[pri:0, instance:hanmantauto.Testng.Group@79efed2d]" started-at="2021-07-22T18:15:49 IST" name="test3" finished-at="2021-07-22T18:15:49 IST" depends-on-methods="hanmantauto.Testng.Group.test1" duration-ms="2" status="PASS">
          <reporter-output>
          </reporter-output>
        </test-method> <!-- test3 -->
      </class> <!-- hanmantauto.Testng.Group -->
    </test> <!-- Default test -->
  </suite> <!-- Default suite -->
</testng-results>
